<?xml version="1.0" encoding="UTF-8"?>
<!-- Generated by org.testng.reporters.JUnitXMLReporter -->
<testsuite ignored="0" hostname="DESKTOP-JNSJ7SC" failures="0" tests="12" name="Default test" time="30.24" errors="0" timestamp="2024-12-30T18:55:39 IST">
  <testcase classname="tests.UserTest" name="createuser" time="10.449"/>
  <testcase classname="tests.UserTest" name="getuser" time="1.222"/>
  <testcase classname="tests.UserTest" name="updateuser" time="1.196"/>
  <testcase classname="tests.UserTest" name="deleteuser" time="1.136"/>
  <testcase classname="tests.UserTest_FromExcel" name="createuser" time="1.349"/>
  <testcase classname="tests.UserTest_FromExcel" name="createuser" time="1.166"/>
  <testcase classname="tests.UserTest_FromExcel" name="createuser" time="1.119"/>
  <testcase classname="tests.UserTest_FromExcel" name="createuser" time="1.12"/>
  <testcase classname="tests.UserTest_FromExcel" name="deleteuser" time="1.181"/>
  <testcase classname="tests.UserTest_FromExcel" name="deleteuser" time="1.138"/>
  <testcase classname="tests.UserTest_FromExcel" name="deleteuser" time="1.156"/>
  <testcase classname="tests.UserTest_FromExcel" name="deleteuser" time="1.114"/>
</testsuite> <!-- Default test -->
