<?xml version="1.0" encoding="UTF-8"?>
<testng-results ignored="0" total="1" passed="1" failed="0" skipped="0">
  <reporter-output>
  </reporter-output>
  <suite started-at="2024-12-24T19:12:20 IST" name="Default suite" finished-at="2024-12-24T19:12:20 IST" duration-ms="63">
    <groups>
    </groups>
    <test started-at="2024-12-24T19:12:20 IST" name="Default test" finished-at="2024-12-24T19:12:20 IST" duration-ms="63">
      <class name="apiTest">
        <test-method signature="testfirst()[pri:0, instance:apiTest@6d763516]" started-at="2024-12-24T19:12:20 IST" name="testfirst" finished-at="2024-12-24T19:12:20 IST" duration-ms="12" status="PASS">
          <reporter-output>
          </reporter-output>
        </test-method> <!-- testfirst -->
      </class> <!-- apiTest -->
    </test> <!-- Default test -->
  </suite> <!-- Default suite -->
</testng-results>
